[INFO] Scanning for projects...
[INFO] 
[INFO] -------------------< com.example:Tiffin-Management >--------------------
[INFO] Building Tiffin-Management 0.0.1-SNAPSHOT
[INFO]   from pom.xml
[INFO] --------------------------------[ jar ]---------------------------------
[INFO] 
[INFO] >>> spring-boot:4.0.3:run (default-cli) > test-compile @ Tiffin-Management >>>
[INFO] 
[INFO] --- resources:3.3.1:resources (default-resources) @ Tiffin-Management ---
[INFO] Copying 1 resource from src/main/resources to target/classes
[INFO] Copying 0 resource from src/main/resources to target/classes
[INFO] 
[INFO] --- compiler:3.14.1:compile (default-compile) @ Tiffin-Management ---
[INFO] Nothing to compile - all classes are up to date.
[INFO] 
[INFO] --- resources:3.3.1:testResources (default-testResources) @ Tiffin-Management ---
[INFO] skip non existing resourceDirectory /Users/ajaybechara/projects/Tiffin-Management/src/test/resources
[INFO] 
[INFO] --- compiler:3.14.1:testCompile (default-testCompile) @ Tiffin-Management ---
[INFO] Nothing to compile - all classes are up to date.
[INFO] 
[INFO] <<< spring-boot:4.0.3:run (default-cli) < test-compile @ Tiffin-Management <<<
[INFO] 
[INFO] 
[INFO] --- spring-boot:4.0.3:run (default-cli) @ Tiffin-Management ---
[INFO] Attaching agents: []

  .   ____          _            __ _ _
 /\\ / ___'_ __ _ _(_)_ __  __ _ \ \ \ \
( ( )\___ | '_ | '_| | '_ \/ _` | \ \ \ \
 \\/  ___)| |_)| | | | | || (_| |  ) ) ) )
  '  |____| .__|_| |_|_| |_\__, | / / / /
 =========|_|==============|___/=/_/_/_/

 :: Spring Boot ::                (v4.0.3)

2026-02-28T10:43:37.844+05:30  INFO 56351 --- [Tiffin-Management] [           main] c.e.T.TiffinManagementApplication        : Starting TiffinManagementApplication using Java 17.0.16 with PID 56351 (/Users/ajaybechara/projects/Tiffin-Management/target/classes started by ajaybechara in /Users/ajaybechara/projects/Tiffin-Management)
2026-02-28T10:43:37.849+05:30  INFO 56351 --- [Tiffin-Management] [           main] c.e.T.TiffinManagementApplication        : No active profile set, falling back to 1 default profile: "default"
2026-02-28T10:43:38.688+05:30  INFO 56351 --- [Tiffin-Management] [           main] .s.d.r.c.RepositoryConfigurationDelegate : Bootstrapping Spring Data JPA repositories in DEFAULT mode.
2026-02-28T10:43:38.757+05:30  INFO 56351 --- [Tiffin-Management] [           main] .s.d.r.c.RepositoryConfigurationDelegate : Finished Spring Data repository scanning in 61 ms. Found 7 JPA repository interfaces.
2026-02-28T10:43:39.345+05:30  INFO 56351 --- [Tiffin-Management] [           main] o.s.boot.tomcat.TomcatWebServer          : Tomcat initialized with port 8080 (http)
2026-02-28T10:43:39.360+05:30  INFO 56351 --- [Tiffin-Management] [           main] o.apache.catalina.core.StandardService   : Starting service [Tomcat]
2026-02-28T10:43:39.360+05:30  INFO 56351 --- [Tiffin-Management] [           main] o.apache.catalina.core.StandardEngine    : Starting Servlet engine: [Apache Tomcat/11.0.18]
2026-02-28T10:43:39.409+05:30  INFO 56351 --- [Tiffin-Management] [           main] b.w.c.s.WebApplicationContextInitializer : Root WebApplicationContext: initialization completed in 1507 ms
2026-02-28T10:43:39.584+05:30  INFO 56351 --- [Tiffin-Management] [           main] org.hibernate.orm.jpa                    : HHH008540: Processing PersistenceUnitInfo [name: default]
2026-02-28T10:43:39.651+05:30  INFO 56351 --- [Tiffin-Management] [           main] org.hibernate.orm.core                   : HHH000001: Hibernate ORM core version 7.2.4.Final
2026-02-28T10:43:40.109+05:30  INFO 56351 --- [Tiffin-Management] [           main] o.s.o.j.p.SpringPersistenceUnitInfo      : No LoadTimeWeaver setup: ignoring JPA class transformer
2026-02-28T10:43:40.145+05:30  INFO 56351 --- [Tiffin-Management] [           main] com.zaxxer.hikari.HikariDataSource       : HikariPool-1 - Starting...
2026-02-28T10:43:40.625+05:30  INFO 56351 --- [Tiffin-Management] [           main] com.zaxxer.hikari.pool.HikariPool        : HikariPool-1 - Added connection org.sqlite.jdbc4.JDBC4Connection@1efcba00
2026-02-28T10:43:40.627+05:30  INFO 56351 --- [Tiffin-Management] [           main] com.zaxxer.hikari.HikariDataSource       : HikariPool-1 - Start completed.
2026-02-28T10:43:40.669+05:30  INFO 56351 --- [Tiffin-Management] [           main] org.hibernate.orm.connections.pooling    : HHH10001005: Database info:
	Database JDBC URL [jdbc:sqlite:mydatabase.db]
	Database driver: SQLite JDBC
	Database dialect: SQLiteDialect
	Database version: 3.50.3
	Default catalog/schema: undefined/undefined
	Autocommit mode: undefined/unknown
	Isolation level: SERIALIZABLE [default SERIALIZABLE]
	JDBC fetch size: none
	Pool: DataSourceConnectionProvider
	Minimum pool size: undefined/unknown
	Maximum pool size: undefined/unknown
2026-02-28T10:43:41.637+05:30  INFO 56351 --- [Tiffin-Management] [           main] org.hibernate.orm.core                   : HHH000489: No JTA platform available (set 'hibernate.transaction.jta.platform' to enable JTA platform integration)
2026-02-28T10:43:41.677+05:30  INFO 56351 --- [Tiffin-Management] [           main] j.LocalContainerEntityManagerFactoryBean : Initialized JPA EntityManagerFactory for persistence unit 'default'
2026-02-28T10:43:41.749+05:30  INFO 56351 --- [Tiffin-Management] [           main] o.s.d.j.r.query.QueryEnhancerFactories   : Hibernate is in classpath; If applicable, HQL parser will be used.
2026-02-28T10:43:42.644+05:30  WARN 56351 --- [Tiffin-Management] [           main] JpaBaseConfiguration$JpaWebConfiguration : spring.jpa.open-in-view is enabled by default. Therefore, database queries may be performed during view rendering. Explicitly configure spring.jpa.open-in-view to disable this warning
2026-02-28T10:43:42.707+05:30  WARN 56351 --- [Tiffin-Management] [           main] .s.a.UserDetailsServiceAutoConfiguration : 

Using generated security password: 9e171bbe-9ad8-4ba1-8feb-04a1cec63bcf

This generated password is for development use only. Your security configuration must be updated before running your application in production.

2026-02-28T10:43:42.715+05:30  INFO 56351 --- [Tiffin-Management] [           main] r$InitializeUserDetailsManagerConfigurer : Global AuthenticationManager configured with UserDetailsService bean with name inMemoryUserDetailsManager
2026-02-28T10:43:43.239+05:30  WARN 56351 --- [Tiffin-Management] [           main] ConfigServletWebServerApplicationContext : Exception encountered during context initialization - cancelling refresh attempt: org.springframework.context.ApplicationContextException: Failed to start bean 'webServerStartStop'
2026-02-28T10:43:43.241+05:30  INFO 56351 --- [Tiffin-Management] [           main] j.LocalContainerEntityManagerFactoryBean : Closing JPA EntityManagerFactory for persistence unit 'default'
2026-02-28T10:43:43.243+05:30  INFO 56351 --- [Tiffin-Management] [           main] com.zaxxer.hikari.HikariDataSource       : HikariPool-1 - Shutdown initiated...
2026-02-28T10:43:43.245+05:30  INFO 56351 --- [Tiffin-Management] [           main] com.zaxxer.hikari.HikariDataSource       : HikariPool-1 - Shutdown completed.
2026-02-28T10:43:43.254+05:30  INFO 56351 --- [Tiffin-Management] [           main] .s.b.a.l.ConditionEvaluationReportLogger : 

Error starting ApplicationContext. To display the condition evaluation report re-run your application with 'debug' enabled.
2026-02-28T10:43:43.267+05:30 ERROR 56351 --- [Tiffin-Management] [           main] o.s.b.d.LoggingFailureAnalysisReporter   : 

***************************
APPLICATION FAILED TO START
***************************

Description:

Web server failed to start. Port 8080 was already in use.

Action:

Identify and stop the process that's listening on port 8080 or configure this application to listen on another port.

[INFO] ------------------------------------------------------------------------
[INFO] BUILD FAILURE
[INFO] ------------------------------------------------------------------------
[INFO] Total time:  8.050 s
[INFO] Finished at: 2026-02-28T10:43:43+05:30
[INFO] ------------------------------------------------------------------------
[ERROR] Failed to execute goal org.springframework.boot:spring-boot-maven-plugin:4.0.3:run (default-cli) on project Tiffin-Management: Process terminated with exit code: 1 -> [Help 1]
[ERROR] 
[ERROR] To see the full stack trace of the errors, re-run Maven with the -e switch.
[ERROR] Re-run Maven using the -X switch to enable full debug logging.
[ERROR] 
[ERROR] For more information about the errors and possible solutions, please read the following articles:
[ERROR] [Help 1] http://cwiki.apache.org/confluence/display/MAVEN/MojoExecutionException
