[INFO] Scanning for projects...
[INFO] 
[INFO] -------------------< com.example:Tiffin-Management >--------------------
[INFO] Building Tiffin-Management 0.0.1-SNAPSHOT
[INFO]   from pom.xml
[INFO] --------------------------------[ jar ]---------------------------------
[INFO] 
[INFO] >>> spring-boot:4.0.3:run (default-cli) > test-compile @ Tiffin-Management >>>
[INFO] 
[INFO] --- resources:3.3.1:resources (default-resources) @ Tiffin-Management ---
[INFO] Copying 1 resource from src/main/resources to target/classes
[INFO] Copying 0 resource from src/main/resources to target/classes
[INFO] 
[INFO] --- compiler:3.14.1:compile (default-compile) @ Tiffin-Management ---
[INFO] Nothing to compile - all classes are up to date.
[INFO] 
[INFO] --- resources:3.3.1:testResources (default-testResources) @ Tiffin-Management ---
[INFO] skip non existing resourceDirectory /Users/ajaybechara/projects/Tiffin-Management/src/test/resources
[INFO] 
[INFO] --- compiler:3.14.1:testCompile (default-testCompile) @ Tiffin-Management ---
[INFO] Nothing to compile - all classes are up to date.
[INFO] 
[INFO] <<< spring-boot:4.0.3:run (default-cli) < test-compile @ Tiffin-Management <<<
[INFO] 
[INFO] 
[INFO] --- spring-boot:4.0.3:run (default-cli) @ Tiffin-Management ---
[INFO] Attaching agents: []

  .   ____          _            __ _ _
 /\\ / ___'_ __ _ _(_)_ __  __ _ \ \ \ \
( ( )\___ | '_ | '_| | '_ \/ _` | \ \ \ \
 \\/  ___)| |_)| | | | | || (_| |  ) ) ) )
  '  |____| .__|_| |_|_| |_\__, | / / / /
 =========|_|==============|___/=/_/_/_/

 :: Spring Boot ::                (v4.0.3)

2026-02-26T10:51:48.732+05:30  INFO 18389 --- [Tiffin-Management] [           main] c.e.T.TiffinManagementApplication        : Starting TiffinManagementApplication using Java 17.0.16 with PID 18389 (/Users/ajaybechara/projects/Tiffin-Management/target/classes started by ajaybechara in /Users/ajaybechara/projects/Tiffin-Management)
2026-02-26T10:51:48.753+05:30  INFO 18389 --- [Tiffin-Management] [           main] c.e.T.TiffinManagementApplication        : No active profile set, falling back to 1 default profile: "default"
2026-02-26T10:51:49.564+05:30  INFO 18389 --- [Tiffin-Management] [           main] .s.d.r.c.RepositoryConfigurationDelegate : Bootstrapping Spring Data JPA repositories in DEFAULT mode.
2026-02-26T10:51:49.621+05:30  INFO 18389 --- [Tiffin-Management] [           main] .s.d.r.c.RepositoryConfigurationDelegate : Finished Spring Data repository scanning in 49 ms. Found 4 JPA repository interfaces.
2026-02-26T10:51:50.006+05:30  INFO 18389 --- [Tiffin-Management] [           main] o.s.boot.tomcat.TomcatWebServer          : Tomcat initialized with port 8080 (http)
2026-02-26T10:51:50.018+05:30  INFO 18389 --- [Tiffin-Management] [           main] o.apache.catalina.core.StandardService   : Starting service [Tomcat]
2026-02-26T10:51:50.018+05:30  INFO 18389 --- [Tiffin-Management] [           main] o.apache.catalina.core.StandardEngine    : Starting Servlet engine: [Apache Tomcat/11.0.18]
2026-02-26T10:51:50.071+05:30  INFO 18389 --- [Tiffin-Management] [           main] b.w.c.s.WebApplicationContextInitializer : Root WebApplicationContext: initialization completed in 1267 ms
2026-02-26T10:51:50.242+05:30  INFO 18389 --- [Tiffin-Management] [           main] org.hibernate.orm.jpa                    : HHH008540: Processing PersistenceUnitInfo [name: default]
2026-02-26T10:51:50.294+05:30  INFO 18389 --- [Tiffin-Management] [           main] org.hibernate.orm.core                   : HHH000001: Hibernate ORM core version 7.2.4.Final
2026-02-26T10:51:50.755+05:30  INFO 18389 --- [Tiffin-Management] [           main] o.s.o.j.p.SpringPersistenceUnitInfo      : No LoadTimeWeaver setup: ignoring JPA class transformer
2026-02-26T10:51:50.818+05:30  INFO 18389 --- [Tiffin-Management] [           main] com.zaxxer.hikari.HikariDataSource       : HikariPool-1 - Starting...
2026-02-26T10:51:51.330+05:30  INFO 18389 --- [Tiffin-Management] [           main] com.zaxxer.hikari.pool.HikariPool        : HikariPool-1 - Added connection org.sqlite.jdbc4.JDBC4Connection@59371066
2026-02-26T10:51:51.332+05:30  INFO 18389 --- [Tiffin-Management] [           main] com.zaxxer.hikari.HikariDataSource       : HikariPool-1 - Start completed.
2026-02-26T10:51:51.377+05:30  INFO 18389 --- [Tiffin-Management] [           main] org.hibernate.orm.connections.pooling    : HHH10001005: Database info:
	Database JDBC URL [jdbc:sqlite:mydatabase.db]
	Database driver: SQLite JDBC
	Database dialect: SQLiteDialect
	Database version: 3.50.3
	Default catalog/schema: undefined/undefined
	Autocommit mode: undefined/unknown
	Isolation level: SERIALIZABLE [default SERIALIZABLE]
	JDBC fetch size: none
	Pool: DataSourceConnectionProvider
	Minimum pool size: undefined/unknown
	Maximum pool size: undefined/unknown
2026-02-26T10:51:52.507+05:30  INFO 18389 --- [Tiffin-Management] [           main] org.hibernate.orm.core                   : HHH000489: No JTA platform available (set 'hibernate.transaction.jta.platform' to enable JTA platform integration)
Hibernate: 
    create table menu_item (
        id integer,
        dish_name varchar(255),
        price_defulat numeric(38,2),
        primary key (id)
    )
Hibernate: 
    create table order_items (
        id integer,
        item_subtotal numeric(38,2),
        quantiity integer,
        seallingprice numeric(38,2),
        menu_id bigint,
        order_id bigint,
        primary key (id)
    )
Hibernate: 
    create table order_table (
        id integer,
        order_date TEXT,
        status varchar(255),
        total_amount numeric(38,2),
        user_id bigint,
        primary key (id)
    )
Hibernate: 
    create table user_table (
        id integer,
        name varchar(255),
        phone varchar(255),
        primary key (id)
    )
2026-02-26T10:51:52.550+05:30  INFO 18389 --- [Tiffin-Management] [           main] j.LocalContainerEntityManagerFactoryBean : Initialized JPA EntityManagerFactory for persistence unit 'default'
2026-02-26T10:51:52.641+05:30  INFO 18389 --- [Tiffin-Management] [           main] o.s.d.j.r.query.QueryEnhancerFactories   : Hibernate is in classpath; If applicable, HQL parser will be used.
2026-02-26T10:51:53.425+05:30  WARN 18389 --- [Tiffin-Management] [           main] JpaBaseConfiguration$JpaWebConfiguration : spring.jpa.open-in-view is enabled by default. Therefore, database queries may be performed during view rendering. Explicitly configure spring.jpa.open-in-view to disable this warning
2026-02-26T10:51:53.787+05:30  INFO 18389 --- [Tiffin-Management] [           main] o.s.boot.tomcat.TomcatWebServer          : Tomcat started on port 8080 (http) with context path '/'
2026-02-26T10:51:53.793+05:30  INFO 18389 --- [Tiffin-Management] [           main] c.e.T.TiffinManagementApplication        : Started TiffinManagementApplication in 5.543 seconds (process running for 6.02)
2026-02-26T10:52:22.526+05:30  INFO 18389 --- [Tiffin-Management] [nio-8080-exec-1] o.a.c.c.C.[Tomcat].[localhost].[/]       : Initializing Spring DispatcherServlet 'dispatcherServlet'
2026-02-26T10:52:22.526+05:30  INFO 18389 --- [Tiffin-Management] [nio-8080-exec-1] o.s.web.servlet.DispatcherServlet        : Initializing Servlet 'dispatcherServlet'
2026-02-26T10:52:22.528+05:30  INFO 18389 --- [Tiffin-Management] [nio-8080-exec-1] o.s.web.servlet.DispatcherServlet        : Completed initialization in 2 ms
Hibernate: 
    select
        o1_0.id,
        o1_0.order_date,
        o1_0.status,
        o1_0.total_amount,
        o1_0.user_id 
    from
        order_table o1_0 
    limit
        ? 
    offset
        ?
2026-02-26T10:52:22.747+05:30  WARN 18389 --- [Tiffin-Management] [nio-8080-exec-2] ration$PageModule$WarningLoggingModifier : Serializing PageImpl instances as-is is not supported, meaning that there is no guarantee about the stability of the resulting JSON structure!
	For a stable JSON structure, please use Spring Data's PagedModel (globally via @EnableSpringDataWebSupport(pageSerializationMode = VIA_DTO))
	or Spring HATEOAS and Spring Data's PagedResourcesAssembler as documented in https://docs.spring.io/spring-data/commons/reference/repositories/core-extensions.html#core.web.pageables.

Hibernate: 
    select
        o1_0.id,
        o1_0.order_date,
        o1_0.status,
        o1_0.total_amount,
        o1_0.user_id 
    from
        order_table o1_0 
    limit
        ? 
    offset
        ?
Hibernate: 
    select
        mi1_0.id,
        mi1_0.dish_name,
        mi1_0.price_defulat 
    from
        menu_item mi1_0
[INFO] ------------------------------------------------------------------------
[INFO] BUILD FAILURE
[INFO] ------------------------------------------------------------------------
[INFO] Total time:  02:01 min
[INFO] Finished at: 2026-02-26T10:53:46+05:30
[INFO] ------------------------------------------------------------------------
[ERROR] Failed to execute goal org.springframework.boot:spring-boot-maven-plugin:4.0.3:run (default-cli) on project Tiffin-Management: Process terminated with exit code: 137 -> [Help 1]
[ERROR] 
[ERROR] To see the full stack trace of the errors, re-run Maven with the -e switch.
[ERROR] Re-run Maven using the -X switch to enable full debug logging.
[ERROR] 
[ERROR] For more information about the errors and possible solutions, please read the following articles:
[ERROR] [Help 1] http://cwiki.apache.org/confluence/display/MAVEN/MojoExecutionException
